# JRE version: Java(TM) SE Runtime Environment (21.0.8+12) (build 21.0.8+12-LTS-250)
# Java VM: Java HotSpot(TM) 64-Bit Server VM (21.0.8+12-LTS-250, mixed mode, sharing, tiered, compressed oops, compressed class ptrs, g1 gc, windows-amd64)
GC Precious Log:
 CardTable entry size: 512
 Card Set container configuration: InlinePtr #cards 5 size 8 Array Of Cards #cards 12 size 40 Howl #buckets 4 coarsen threshold 1843 Howl Bitmap #cards 512 size 80 coarsen threshold 460 Card regions per heap region 1 cards per card region 2048
 CPUs: 12 total, 12 available
 Memory: 7876M
 Large Page Support: Disabled
 NUMA Support: Disabled
 Compressed Oops: Enabled (32-bit)
 Heap Region Size: 1M
 Heap Min Capacity: 8M
 Heap Initial Capacity: 124M
 Heap Max Capacity: 1970M
 Pre-touch: Disabled
 Parallel Workers: 10
 Concurrent Workers: 3
 Concurrent Refinement Workers: 10
 Periodic GC: Disabled
Heap:
 garbage-first heap   total 107520K, used 45235K [0x0000000084e00000, 0x0000000100000000)
  region size 1024K, 8 young (8192K), 3 survivors (3072K)
 Metaspace       used 49717K, committed 50304K, reserved 1114112K
  class space    used 6507K, committed 6784K, reserved 1048576K
GC Heap History (20 events):
Event: 1.814 GC heap before
{Heap before GC invocations=0 (full 0):
 garbage-first heap   total 126976K, used 26624K [0x0000000084e00000, 0x0000000100000000)
  region size 1024K, 23 young (23552K), 0 survivors (0K)
 Metaspace       used 3134K, committed 3328K, reserved 1114112K
  class space    used 327K, committed 448K, reserved 1048576K
}
Event: 1.839 GC heap after
{Heap after GC invocations=1 (full 0):
 garbage-first heap   total 126976K, used 14496K [0x0000000084e00000, 0x0000000100000000)
  region size 1024K, 3 young (3072K), 3 survivors (3072K)
 Metaspace       used 3134K, committed 3328K, reserved 1114112K
  class space    used 327K, committed 448K, reserved 1048576K
}
Event: 3.515 GC heap before
{Heap before GC invocations=1 (full 0):
 garbage-first heap   total 126976K, used 33952K [0x0000000084e00000, 0x0000000100000000)
  region size 1024K, 22 young (22528K), 3 survivors (3072K)
 Metaspace       used 7746K, committed 8000K, reserved 1114112K
  class space    used 967K, committed 1088K, reserved 1048576K
}
Event: 3.532 GC heap after
{Heap after GC invocations=2 (full 0):
 garbage-first heap   total 126976K, used 16351K [0x0000000084e00000, 0x0000000100000000)
  region size 1024K, 2 young (2048K), 2 survivors (2048K)
 Metaspace       used 7746K, committed 8000K, reserved 1114112K
  class space    used 967K, committed 1088K, reserved 1048576K
}
Event: 6.827 GC heap before
{Heap before GC invocations=2 (full 0):
 garbage-first heap   total 126976K, used 58335K [0x0000000084e00000, 0x0000000100000000)
  region size 1024K, 39 young (39936K), 2 survivors (2048K)
 Metaspace       used 15472K, committed 15744K, reserved 1114112K
  class space    used 1945K, committed 2048K, reserved 1048576K
}
Event: 6.854 GC heap after
{Heap after GC invocations=3 (full 0):
 garbage-first heap   total 126976K, used 21719K [0x0000000084e00000, 0x0000000100000000)
  region size 1024K, 5 young (5120K), 5 survivors (5120K)
 Metaspace       used 15472K, committed 15744K, reserved 1114112K
  class space    used 1945K, committed 2048K, reserved 1048576K
}
Event: 9.528 GC heap before
{Heap before GC invocations=3 (full 0):
 garbage-first heap   total 126976K, used 74967K [0x0000000084e00000, 0x0000000100000000)
  region size 1024K, 51 young (52224K), 5 survivors (5120K)
 Metaspace       used 21162K, committed 21504K, reserved 1114112K
  class space    used 2822K, committed 3008K, reserved 1048576K
}
Event: 9.545 GC heap after
{Heap after GC invocations=4 (full 0):
 garbage-first heap   total 126976K, used 23977K [0x0000000084e00000, 0x0000000100000000)
  region size 1024K, 8 young (8192K), 8 survivors (8192K)
 Metaspace       used 21162K, committed 21504K, reserved 1114112K
  class space    used 2822K, committed 3008K, reserved 1048576K
}
Event: 12.024 GC heap before
{Heap before GC invocations=5 (full 0):
 garbage-first heap   total 89088K, used 68009K [0x0000000084e00000, 0x0000000100000000)
  region size 1024K, 52 young (53248K), 8 survivors (8192K)
 Metaspace       used 29415K, committed 29888K, reserved 1114112K
  class space    used 3748K, committed 3968K, reserved 1048576K
}
Event: 12.061 GC heap after
{Heap after GC invocations=6 (full 0):
 garbage-first heap   total 89088K, used 28693K [0x0000000084e00000, 0x0000000100000000)
  region size 1024K, 7 young (7168K), 7 survivors (7168K)
 Metaspace       used 29415K, committed 29888K, reserved 1114112K
  class space    used 3748K, committed 3968K, reserved 1048576K
}
Event: 15.212 GC heap before
{Heap before GC invocations=6 (full 0):
 garbage-first heap   total 89088K, used 68629K [0x0000000084e00000, 0x0000000100000000)
  region size 1024K, 46 young (47104K), 7 survivors (7168K)
 Metaspace       used 32432K, committed 32896K, reserved 1114112K
  class space    used 4128K, committed 4352K, reserved 1048576K
}
Event: 15.236 GC heap after
{Heap after GC invocations=7 (full 0):
 garbage-first heap   total 89088K, used 31099K [0x0000000084e00000, 0x0000000100000000)
  region size 1024K, 4 young (4096K), 4 survivors (4096K)
 Metaspace       used 32432K, committed 32896K, reserved 1114112K
  class space    used 4128K, committed 4352K, reserved 1048576K
}
Event: 17.407 GC heap before
{Heap before GC invocations=7 (full 0):
 garbage-first heap   total 89088K, used 58747K [0x0000000084e00000, 0x0000000100000000)
  region size 1024K, 32 young (32768K), 4 survivors (4096K)
 Metaspace       used 35568K, committed 35968K, reserved 1114112K
  class space    used 4557K, committed 4736K, reserved 1048576K
}
Event: 17.420 GC heap after
{Heap after GC invocations=8 (full 0):
 garbage-first heap   total 89088K, used 33256K [0x0000000084e00000, 0x0000000100000000)
  region size 1024K, 2 young (2048K), 2 survivors (2048K)
 Metaspace       used 35568K, committed 35968K, reserved 1114112K
  class space    used 4557K, committed 4736K, reserved 1048576K
}
Event: 21.062 GC heap before
{Heap before GC invocations=9 (full 0):
 garbage-first heap   total 89088K, used 74216K [0x0000000084e00000, 0x0000000100000000)
  region size 1024K, 42 young (43008K), 2 survivors (2048K)
 Metaspace       used 40577K, committed 41024K, reserved 1114112K
  class space    used 5303K, committed 5504K, reserved 1048576K
}
Event: 21.086 GC heap after
{Heap after GC invocations=10 (full 0):
 garbage-first heap   total 89088K, used 35547K [0x0000000084e00000, 0x0000000100000000)
  region size 1024K, 5 young (5120K), 5 survivors (5120K)
 Metaspace       used 40577K, committed 41024K, reserved 1114112K
  class space    used 5303K, committed 5504K, reserved 1048576K
}
Event: 24.800 GC heap before
{Heap before GC invocations=10 (full 0):
 garbage-first heap   total 89088K, used 75483K [0x0000000084e00000, 0x0000000100000000)
  region size 1024K, 44 young (45056K), 5 survivors (5120K)
 Metaspace       used 46086K, committed 46592K, reserved 1114112K
  class space    used 5983K, committed 6208K, reserved 1048576K
}
Event: 24.841 GC heap after
{Heap after GC invocations=11 (full 0):
 garbage-first heap   total 89088K, used 38391K [0x0000000084e00000, 0x0000000100000000)
  region size 1024K, 6 young (6144K), 6 survivors (6144K)
 Metaspace       used 46086K, committed 46592K, reserved 1114112K
  class space    used 5983K, committed 6208K, reserved 1048576K
}
Event: 27.469 GC heap before
{Heap before GC invocations=11 (full 0):
 garbage-first heap   total 89088K, used 76279K [0x0000000084e00000, 0x0000000100000000)
  region size 1024K, 43 young (44032K), 6 survivors (6144K)
 Metaspace       used 48846K, committed 49408K, reserved 1114112K
  class space    used 6389K, committed 6656K, reserved 1048576K
}
Event: 27.497 GC heap after
{Heap after GC invocations=12 (full 0):
 garbage-first heap   total 107520K, used 41139K [0x0000000084e00000, 0x0000000100000000)
  region size 1024K, 3 young (3072K), 3 survivors (3072K)
 Metaspace       used 48846K, committed 49408K, reserved 1114112K
  class space    used 6389K, committed 6656K, reserved 1048576K
}

