# JRE version: Java(TM) SE Runtime Environment (21.0.8+12) (build 21.0.8+12-LTS-250)
# Java VM: Java HotSpot(TM) 64-Bit Server VM (21.0.8+12-LTS-250, mixed mode, emulated-client, sharing, tiered, compressed oops, compressed class ptrs, g1 gc, windows-amd64)
GC Precious Log:
 CardTable entry size: 512
 Card Set container configuration: InlinePtr #cards 5 size 8 Array Of Cards #cards 12 size 40 Howl #buckets 4 coarsen threshold 1843 Howl Bitmap #cards 512 size 80 coarsen threshold 460 Card regions per heap region 1 cards per card region 2048
 CPUs: 12 total, 12 available
 Memory: 7876M
 Large Page Support: Disabled
 NUMA Support: Disabled
 Compressed Oops: Enabled (32-bit)
 Heap Region Size: 1M
 Heap Min Capacity: 8M
 Heap Initial Capacity: 124M
 Heap Max Capacity: 1970M
 Pre-touch: Disabled
 Parallel Workers: 10
 Concurrent Workers: 3
 Concurrent Refinement Workers: 10
 Periodic GC: Disabled
Heap:
 garbage-first heap   total 195584K, used 73591K [0x0000000084e00000, 0x0000000100000000)
  region size 1024K, 8 young (8192K), 8 survivors (8192K)
 Metaspace       used 126277K, committed 127360K, reserved 1179648K
  class space    used 17649K, committed 18176K, reserved 1048576K
GC Heap History (20 events):
Event: 2659.304 GC heap after
{Heap after GC invocations=59 (full 2):
 garbage-first heap   total 195584K, used 66264K [0x0000000084e00000, 0x0000000100000000)
  region size 1024K, 8 young (8192K), 8 survivors (8192K)
 Metaspace       used 125427K, committed 126656K, reserved 1179648K
  class space    used 17596K, committed 18176K, reserved 1048576K
}
Event: 2674.333 GC heap before
{Heap before GC invocations=59 (full 2):
 garbage-first heap   total 195584K, used 172760K [0x0000000084e00000, 0x0000000100000000)
  region size 1024K, 111 young (113664K), 8 survivors (8192K)
 Metaspace       used 125556K, committed 126720K, reserved 1179648K
  class space    used 17603K, committed 18176K, reserved 1048576K
}
Event: 2674.419 GC heap after
{Heap after GC invocations=60 (full 2):
 garbage-first heap   total 195584K, used 70027K [0x0000000084e00000, 0x0000000100000000)
  region size 1024K, 11 young (11264K), 11 survivors (11264K)
 Metaspace       used 125556K, committed 126720K, reserved 1179648K
  class space    used 17603K, committed 18176K, reserved 1048576K
}
Event: 2684.231 GC heap before
{Heap before GC invocations=60 (full 2):
 garbage-first heap   total 195584K, used 169355K [0x0000000084e00000, 0x0000000100000000)
  region size 1024K, 108 young (110592K), 11 survivors (11264K)
 Metaspace       used 125789K, committed 126912K, reserved 1179648K
  class space    used 17619K, committed 18176K, reserved 1048576K
}
Event: 2684.273 GC heap after
{Heap after GC invocations=61 (full 2):
 garbage-first heap   total 195584K, used 73104K [0x0000000084e00000, 0x0000000100000000)
  region size 1024K, 8 young (8192K), 8 survivors (8192K)
 Metaspace       used 125789K, committed 126912K, reserved 1179648K
  class space    used 17619K, committed 18176K, reserved 1048576K
}
Event: 2699.289 GC heap before
{Heap before GC invocations=62 (full 2):
 garbage-first heap   total 195584K, used 172432K [0x0000000084e00000, 0x0000000100000000)
  region size 1024K, 105 young (107520K), 8 survivors (8192K)
 Metaspace       used 125849K, committed 126976K, reserved 1179648K
  class space    used 17621K, committed 18176K, reserved 1048576K
}
Event: 2699.313 GC heap after
{Heap after GC invocations=63 (full 2):
 garbage-first heap   total 195584K, used 75615K [0x0000000084e00000, 0x0000000100000000)
  region size 1024K, 10 young (10240K), 10 survivors (10240K)
 Metaspace       used 125849K, committed 126976K, reserved 1179648K
  class space    used 17621K, committed 18176K, reserved 1048576K
}
Event: 2705.458 GC heap before
{Heap before GC invocations=63 (full 2):
 garbage-first heap   total 195584K, used 170847K [0x0000000084e00000, 0x0000000100000000)
  region size 1024K, 103 young (105472K), 10 survivors (10240K)
 Metaspace       used 125859K, committed 126976K, reserved 1179648K
  class space    used 17625K, committed 18176K, reserved 1048576K
}
Event: 2705.494 GC heap after
{Heap after GC invocations=64 (full 2):
 garbage-first heap   total 195584K, used 77408K [0x0000000084e00000, 0x0000000100000000)
  region size 1024K, 9 young (9216K), 9 survivors (9216K)
 Metaspace       used 125859K, committed 126976K, reserved 1179648K
  class space    used 17625K, committed 18176K, reserved 1048576K
}
Event: 2712.697 GC heap before
{Heap before GC invocations=64 (full 2):
 garbage-first heap   total 195584K, used 172640K [0x0000000084e00000, 0x0000000100000000)
  region size 1024K, 102 young (104448K), 9 survivors (9216K)
 Metaspace       used 125859K, committed 126976K, reserved 1179648K
  class space    used 17625K, committed 18176K, reserved 1048576K
}
Event: 2712.788 GC heap after
{Heap after GC invocations=65 (full 2):
 garbage-first heap   total 195584K, used 79545K [0x0000000084e00000, 0x0000000100000000)
  region size 1024K, 8 young (8192K), 8 survivors (8192K)
 Metaspace       used 125859K, committed 126976K, reserved 1179648K
  class space    used 17625K, committed 18176K, reserved 1048576K
}
Event: 2733.339 GC heap before
{Heap before GC invocations=66 (full 2):
 garbage-first heap   total 195584K, used 169657K [0x0000000084e00000, 0x0000000100000000)
  region size 1024K, 97 young (99328K), 8 survivors (8192K)
 Metaspace       used 125819K, committed 126976K, reserved 1179648K
  class space    used 17616K, committed 18176K, reserved 1048576K
}
Event: 2733.625 GC heap after
{Heap after GC invocations=67 (full 3):
 garbage-first heap   total 195584K, used 59656K [0x0000000084e00000, 0x0000000100000000)
  region size 1024K, 0 young (0K), 0 survivors (0K)
 Metaspace       used 125810K, committed 126976K, reserved 1179648K
  class space    used 17614K, committed 18176K, reserved 1048576K
}
Event: 2735.570 GC heap before
{Heap before GC invocations=67 (full 3):
 garbage-first heap   total 195584K, used 67848K [0x0000000084e00000, 0x0000000100000000)
  region size 1024K, 10 young (10240K), 0 survivors (0K)
 Metaspace       used 125811K, committed 126976K, reserved 1179648K
  class space    used 17615K, committed 18176K, reserved 1048576K
}
Event: 2735.578 GC heap after
{Heap after GC invocations=68 (full 3):
 garbage-first heap   total 195584K, used 61935K [0x0000000084e00000, 0x0000000100000000)
  region size 1024K, 3 young (3072K), 3 survivors (3072K)
 Metaspace       used 125811K, committed 126976K, reserved 1179648K
  class space    used 17615K, committed 18176K, reserved 1048576K
}
Event: 2749.337 GC heap before
{Heap before GC invocations=69 (full 3):
 garbage-first heap   total 195584K, used 177647K [0x0000000084e00000, 0x0000000100000000)
  region size 1024K, 108 young (110592K), 3 survivors (3072K)
 Metaspace       used 125919K, committed 127040K, reserved 1179648K
  class space    used 17626K, committed 18176K, reserved 1048576K
}
Event: 2749.385 GC heap after
{Heap after GC invocations=70 (full 3):
 garbage-first heap   total 195584K, used 66701K [0x0000000084e00000, 0x0000000100000000)
  region size 1024K, 7 young (7168K), 7 survivors (7168K)
 Metaspace       used 125919K, committed 127040K, reserved 1179648K
  class space    used 17626K, committed 18176K, reserved 1048576K
}
Event: 2760.743 GC heap before
{Heap before GC invocations=70 (full 3):
 garbage-first heap   total 195584K, used 171149K [0x0000000084e00000, 0x0000000100000000)
  region size 1024K, 109 young (111616K), 7 survivors (7168K)
 Metaspace       used 126043K, committed 127104K, reserved 1179648K
  class space    used 17632K, committed 18176K, reserved 1048576K
}
Event: 2760.777 GC heap after
{Heap after GC invocations=71 (full 3):
 garbage-first heap   total 195584K, used 69935K [0x0000000084e00000, 0x0000000100000000)
  region size 1024K, 11 young (11264K), 11 survivors (11264K)
 Metaspace       used 126043K, committed 127104K, reserved 1179648K
  class space    used 17632K, committed 18176K, reserved 1048576K
}
Event: 2804.014 GC heap before
{Heap before GC invocations=71 (full 3):
 garbage-first heap   total 195584K, used 169263K [0x0000000084e00000, 0x0000000100000000)
  region size 1024K, 108 young (110592K), 11 survivors (11264K)
 Metaspace       used 126277K, committed 127360K, reserved 1179648K
  class space    used 17649K, committed 18176K, reserved 1048576K
}

